Arguments: 
  /Users/allison/.nvm/versions/node/v8.9.4/bin/node /Users/allison/.yarn/bin/yarn.js start

PATH: 
  /Users/allison/.rvm/gems/ruby-2.4.2/bin:/Users/allison/.rvm/gems/ruby-2.4.2@global/bin:/Users/allison/.rvm/rubies/ruby-2.4.2/bin:/Users/allison/.nvm/versions/node/v8.9.4/bin:/Users/allison/.yarn/bin:/Users/allison/arc/arcanist/bin:/Users/allison/.rbenv/shims:/Applications/Postgres.app/Contents/Versions/9.6/bin:/usr/local/bin:/usr/bin:/bin:/usr/sbin:/sbin:/Users/allison/.rvm/bin

Yarn version: 
  1.5.1

Node version: 
  8.9.4

Platform: 
  darwin x64

npm manifest: 
  {
    "name": "group-project",
    "version": "1.0.0",
    "description": "",
    "main": "server.js",
    "scripts": {
      "test": "echo \"Error: no test specified\" && exit 1",
      "start": "node server.js"
    },
    "repository": {
      "type": "git",
      "url": "git+https://github.com/alshaw/group-project.git"
    },
    "author": "",
    "license": "ISC",
    "bugs": {
      "url": "https://github.com/alshaw/group-project/issues"
    },
    "homepage": "https://github.com/alshaw/group-project#readme",
    "dependencies": {
      "bcrypt": "^2.0.1",
      "body-parser": "^1.18.2",
      "dotenv": "^5.0.1",
      "express": "^4.16.3",
      "express-jwt": "^5.3.1",
      "jsonwebtoken": "^8.2.1",
      "mongoose": "^5.0.17",
      "morgan": "^1.9.0"
    }
  }

yarn manifest: 
  No manifest

Lockfile: 
  No lockfile

Trace: 
  Error: Command failed.
  Exit code: 1
  Command: sh
  Arguments: -c node server.js
  Directory: /Users/allison/Desktop/dev/group-project
  Output:
  
      at ProcessTermError.MessageError (/Users/allison/.yarn/lib/cli.js:186:110)
      at new ProcessTermError (/Users/allison/.yarn/lib/cli.js:226:113)
      at ChildProcess.<anonymous> (/Users/allison/.yarn/lib/cli.js:30281:17)
      at emitTwo (events.js:126:13)
      at ChildProcess.emit (events.js:214:7)
      at maybeClose (internal/child_process.js:925:16)
      at Process.ChildProcess._handle.onexit (internal/child_process.js:209:5)
